{"/home/dosseh/WEB-react-router-lab/src/App.js": {"path":"/home/dosseh/WEB-react-router-lab/src/App.js","statementMap":{"0":{"start":{"line":9,"column":11},"end":{"line":9,"column":68}},"1":{"start":{"line":11,"column":11},"end":{"line":11,"column":26}},"2":{"start":{"line":12,"column":13},"end":{"line":12,"column":33}},"3":{"start":{"line":14,"column":0},"end":{"line":16,"column":3}},"4":{"start":{"line":15,"column":2},"end":{"line":15,"column":44}},"5":{"start":{"line":18,"column":17},"end":{"line":18,"column":19}},"6":{"start":{"line":23,"column":2},"end":{"line":27,"column":3}},"7":{"start":{"line":24,"column":4},"end":{"line":26,"column":5}},"8":{"start":{"line":25,"column":6},"end":{"line":25,"column":18}},"9":{"start":{"line":33,"column":2},"end":{"line":37,"column":3}},"10":{"start":{"line":34,"column":4},"end":{"line":36,"column":5}},"11":{"start":{"line":35,"column":6},"end":{"line":35,"column":27}},"12":{"start":{"line":42,"column":4},"end":{"line":42,"column":17}},"13":{"start":{"line":43,"column":4},"end":{"line":43,"column":30}},"14":{"start":{"line":45,"column":4},"end":{"line":45,"column":25}},"15":{"start":{"line":51,"column":4},"end":{"line":55,"column":5}},"16":{"start":{"line":52,"column":6},"end":{"line":54,"column":7}},"17":{"start":{"line":53,"column":8},"end":{"line":53,"column":34}},"18":{"start":{"line":61,"column":17},"end":{"line":61,"column":21}},"19":{"start":{"line":63,"column":4},"end":{"line":83,"column":7}},"20":{"start":{"line":64,"column":21},"end":{"line":64,"column":51}},"21":{"start":{"line":66,"column":17},"end":{"line":66,"column":33}},"22":{"start":{"line":67,"column":18},"end":{"line":67,"column":35}},"23":{"start":{"line":68,"column":17},"end":{"line":68,"column":33}},"24":{"start":{"line":70,"column":17},"end":{"line":70,"column":34}},"25":{"start":{"line":72,"column":6},"end":{"line":80,"column":7}},"26":{"start":{"line":73,"column":21},"end":{"line":73,"column":56}},"27":{"start":{"line":74,"column":8},"end":{"line":74,"column":32}},"28":{"start":{"line":77,"column":25},"end":{"line":77,"column":55}},"29":{"start":{"line":78,"column":8},"end":{"line":78,"column":62}},"30":{"start":{"line":82,"column":6},"end":{"line":82,"column":44}},"31":{"start":{"line":89,"column":4},"end":{"line":148,"column":6}},"32":{"start":{"line":112,"column":24},"end":{"line":112,"column":146}},"33":{"start":{"line":129,"column":26},"end":{"line":129,"column":142}}},"fnMap":{"0":{"name":"(anonymous_0)","decl":{"start":{"line":14,"column":21},"end":{"line":14,"column":22}},"loc":{"start":{"line":14,"column":33},"end":{"line":16,"column":1}},"line":14},"1":{"name":"(anonymous_1)","decl":{"start":{"line":15,"column":24},"end":{"line":15,"column":25}},"loc":{"start":{"line":15,"column":39},"end":{"line":15,"column":42}},"line":15},"2":{"name":"checkSensor","decl":{"start":{"line":22,"column":9},"end":{"line":22,"column":20}},"loc":{"start":{"line":22,"column":39},"end":{"line":28,"column":1}},"line":22},"3":{"name":"curentSensor","decl":{"start":{"line":31,"column":9},"end":{"line":31,"column":21}},"loc":{"start":{"line":31,"column":40},"end":{"line":38,"column":1}},"line":31},"4":{"name":"(anonymous_4)","decl":{"start":{"line":41,"column":2},"end":{"line":41,"column":3}},"loc":{"start":{"line":41,"column":21},"end":{"line":46,"column":3}},"line":41},"5":{"name":"(anonymous_5)","decl":{"start":{"line":50,"column":2},"end":{"line":50,"column":3}},"loc":{"start":{"line":50,"column":34},"end":{"line":56,"column":3}},"line":50},"6":{"name":"(anonymous_6)","decl":{"start":{"line":60,"column":2},"end":{"line":60,"column":3}},"loc":{"start":{"line":60,"column":18},"end":{"line":84,"column":3}},"line":60},"7":{"name":"(anonymous_7)","decl":{"start":{"line":63,"column":25},"end":{"line":63,"column":26}},"loc":{"start":{"line":63,"column":51},"end":{"line":83,"column":5}},"line":63},"8":{"name":"(anonymous_8)","decl":{"start":{"line":87,"column":2},"end":{"line":87,"column":3}},"loc":{"start":{"line":87,"column":11},"end":{"line":149,"column":3}},"line":87},"9":{"name":"(anonymous_9)","decl":{"start":{"line":111,"column":30},"end":{"line":111,"column":31}},"loc":{"start":{"line":111,"column":41},"end":{"line":114,"column":23}},"line":111},"10":{"name":"(anonymous_10)","decl":{"start":{"line":128,"column":32},"end":{"line":128,"column":33}},"loc":{"start":{"line":128,"column":43},"end":{"line":131,"column":25}},"line":128}},"branchMap":{"0":{"loc":{"start":{"line":24,"column":4},"end":{"line":26,"column":5}},"type":"if","locations":[{"start":{"line":24,"column":4},"end":{"line":26,"column":5}},{"start":{"line":24,"column":4},"end":{"line":26,"column":5}}],"line":24},"1":{"loc":{"start":{"line":34,"column":4},"end":{"line":36,"column":5}},"type":"if","locations":[{"start":{"line":34,"column":4},"end":{"line":36,"column":5}},{"start":{"line":34,"column":4},"end":{"line":36,"column":5}}],"line":34},"2":{"loc":{"start":{"line":52,"column":6},"end":{"line":54,"column":7}},"type":"if","locations":[{"start":{"line":52,"column":6},"end":{"line":54,"column":7}},{"start":{"line":52,"column":6},"end":{"line":54,"column":7}}],"line":52},"3":{"loc":{"start":{"line":72,"column":6},"end":{"line":80,"column":7}},"type":"if","locations":[{"start":{"line":72,"column":6},"end":{"line":80,"column":7}},{"start":{"line":72,"column":6},"end":{"line":80,"column":7}}],"line":72}},"s":{"0":1,"1":1,"2":1,"3":1,"4":0,"5":1,"6":0,"7":0,"8":0,"9":0,"10":0,"11":0,"12":1,"13":1,"14":1,"15":0,"16":0,"17":0,"18":1,"19":1,"20":0,"21":0,"22":0,"23":0,"24":0,"25":0,"26":0,"27":0,"28":0,"29":0,"30":0,"31":1,"32":0,"33":0},"f":{"0":0,"1":0,"2":0,"3":0,"4":1,"5":0,"6":1,"7":0,"8":1,"9":0,"10":0},"b":{"0":[0,0],"1":[0,0],"2":[0,0],"3":[0,0]},"_coverageSchema":"332fd63041d2c1bcb487cc26dd0d5f7d97098a6c","hash":"3de0c14873e6875f9f6eab7387937fce5ffb52e8"}
,"/home/dosseh/WEB-react-router-lab/src/Model.js": {"path":"/home/dosseh/WEB-react-router-lab/src/Model.js","statementMap":{"0":{"start":{"line":1,"column":23},"end":{"line":1,"column":36}},"1":{"start":{"line":1,"column":29},"end":{"line":1,"column":36}},"2":{"start":{"line":5,"column":4},"end":{"line":5,"column":24}},"3":{"start":{"line":9,"column":4},"end":{"line":9,"column":29}},"4":{"start":{"line":13,"column":4},"end":{"line":13,"column":24}},"5":{"start":{"line":17,"column":4},"end":{"line":21,"column":5}},"6":{"start":{"line":18,"column":6},"end":{"line":20,"column":7}},"7":{"start":{"line":19,"column":8},"end":{"line":19,"column":57}},"8":{"start":{"line":22,"column":14},"end":{"line":22,"column":15}},"9":{"start":{"line":23,"column":4},"end":{"line":25,"column":5}},"10":{"start":{"line":24,"column":6},"end":{"line":24,"column":39}},"11":{"start":{"line":26,"column":4},"end":{"line":26,"column":35}},"12":{"start":{"line":29,"column":4},"end":{"line":29,"column":56}},"13":{"start":{"line":33,"column":4},"end":{"line":33,"column":39}},"14":{"start":{"line":39,"column":4},"end":{"line":39,"column":18}},"15":{"start":{"line":40,"column":4},"end":{"line":40,"column":22}},"16":{"start":{"line":41,"column":4},"end":{"line":41,"column":22}},"17":{"start":{"line":42,"column":4},"end":{"line":42,"column":22}},"18":{"start":{"line":46,"column":4},"end":{"line":46,"column":26}},"19":{"start":{"line":49,"column":4},"end":{"line":49,"column":28}},"20":{"start":{"line":52,"column":4},"end":{"line":52,"column":28}},"21":{"start":{"line":55,"column":4},"end":{"line":55,"column":28}},"22":{"start":{"line":59,"column":4},"end":{"line":59,"column":18}},"23":{"start":{"line":63,"column":4},"end":{"line":63,"column":22}},"24":{"start":{"line":66,"column":4},"end":{"line":66,"column":22}},"25":{"start":{"line":69,"column":4},"end":{"line":69,"column":22}},"26":{"start":{"line":73,"column":4},"end":{"line":73,"column":41}},"27":{"start":{"line":74,"column":4},"end":{"line":74,"column":36}},"28":{"start":{"line":75,"column":4},"end":{"line":75,"column":36}},"29":{"start":{"line":77,"column":17},"end":{"line":77,"column":19}},"30":{"start":{"line":78,"column":4},"end":{"line":79,"column":43}},"31":{"start":{"line":79,"column":6},"end":{"line":79,"column":43}},"32":{"start":{"line":80,"column":4},"end":{"line":80,"column":27}},"33":{"start":{"line":84,"column":21},"end":{"line":84,"column":23}}},"fnMap":{"0":{"name":"(anonymous_0)","decl":{"start":{"line":1,"column":23},"end":{"line":1,"column":24}},"loc":{"start":{"line":1,"column":29},"end":{"line":1,"column":36}},"line":1},"1":{"name":"(anonymous_1)","decl":{"start":{"line":4,"column":2},"end":{"line":4,"column":3}},"loc":{"start":{"line":4,"column":21},"end":{"line":6,"column":3}},"line":4},"2":{"name":"(anonymous_2)","decl":{"start":{"line":8,"column":2},"end":{"line":8,"column":3}},"loc":{"start":{"line":8,"column":14},"end":{"line":10,"column":3}},"line":8},"3":{"name":"(anonymous_3)","decl":{"start":{"line":12,"column":2},"end":{"line":12,"column":3}},"loc":{"start":{"line":12,"column":19},"end":{"line":14,"column":3}},"line":12},"4":{"name":"(anonymous_4)","decl":{"start":{"line":16,"column":2},"end":{"line":16,"column":3}},"loc":{"start":{"line":16,"column":15},"end":{"line":27,"column":3}},"line":16},"5":{"name":"(anonymous_5)","decl":{"start":{"line":28,"column":2},"end":{"line":28,"column":3}},"loc":{"start":{"line":28,"column":18},"end":{"line":30,"column":3}},"line":28},"6":{"name":"(anonymous_6)","decl":{"start":{"line":32,"column":2},"end":{"line":32,"column":3}},"loc":{"start":{"line":32,"column":12},"end":{"line":34,"column":3}},"line":32},"7":{"name":"(anonymous_7)","decl":{"start":{"line":38,"column":2},"end":{"line":38,"column":3}},"loc":{"start":{"line":38,"column":36},"end":{"line":43,"column":3}},"line":38},"8":{"name":"(anonymous_8)","decl":{"start":{"line":45,"column":2},"end":{"line":45,"column":3}},"loc":{"start":{"line":45,"column":11},"end":{"line":47,"column":3}},"line":45},"9":{"name":"(anonymous_9)","decl":{"start":{"line":48,"column":2},"end":{"line":48,"column":3}},"loc":{"start":{"line":48,"column":13},"end":{"line":50,"column":3}},"line":48},"10":{"name":"(anonymous_10)","decl":{"start":{"line":51,"column":2},"end":{"line":51,"column":3}},"loc":{"start":{"line":51,"column":13},"end":{"line":53,"column":3}},"line":51},"11":{"name":"(anonymous_11)","decl":{"start":{"line":54,"column":2},"end":{"line":54,"column":3}},"loc":{"start":{"line":54,"column":13},"end":{"line":56,"column":3}},"line":54},"12":{"name":"(anonymous_12)","decl":{"start":{"line":58,"column":2},"end":{"line":58,"column":3}},"loc":{"start":{"line":58,"column":13},"end":{"line":60,"column":3}},"line":58},"13":{"name":"(anonymous_13)","decl":{"start":{"line":62,"column":2},"end":{"line":62,"column":3}},"loc":{"start":{"line":62,"column":17},"end":{"line":64,"column":3}},"line":62},"14":{"name":"(anonymous_14)","decl":{"start":{"line":65,"column":2},"end":{"line":65,"column":3}},"loc":{"start":{"line":65,"column":17},"end":{"line":67,"column":3}},"line":65},"15":{"name":"(anonymous_15)","decl":{"start":{"line":68,"column":2},"end":{"line":68,"column":3}},"loc":{"start":{"line":68,"column":17},"end":{"line":70,"column":3}},"line":68},"16":{"name":"(anonymous_16)","decl":{"start":{"line":72,"column":18},"end":{"line":72,"column":19}},"loc":{"start":{"line":72,"column":24},"end":{"line":81,"column":3}},"line":72}},"branchMap":{"0":{"loc":{"start":{"line":9,"column":11},"end":{"line":9,"column":28}},"type":"binary-expr","locations":[{"start":{"line":9,"column":11},"end":{"line":9,"column":22}},{"start":{"line":9,"column":26},"end":{"line":9,"column":28}}],"line":9},"1":{"loc":{"start":{"line":18,"column":6},"end":{"line":20,"column":7}},"type":"if","locations":[{"start":{"line":18,"column":6},"end":{"line":20,"column":7}},{"start":{"line":18,"column":6},"end":{"line":20,"column":7}}],"line":18},"2":{"loc":{"start":{"line":46,"column":11},"end":{"line":46,"column":25}},"type":"binary-expr","locations":[{"start":{"line":46,"column":11},"end":{"line":46,"column":19}},{"start":{"line":46,"column":23},"end":{"line":46,"column":25}}],"line":46},"3":{"loc":{"start":{"line":49,"column":11},"end":{"line":49,"column":27}},"type":"binary-expr","locations":[{"start":{"line":49,"column":11},"end":{"line":49,"column":21}},{"start":{"line":49,"column":25},"end":{"line":49,"column":27}}],"line":49},"4":{"loc":{"start":{"line":52,"column":11},"end":{"line":52,"column":27}},"type":"binary-expr","locations":[{"start":{"line":52,"column":11},"end":{"line":52,"column":21}},{"start":{"line":52,"column":25},"end":{"line":52,"column":27}}],"line":52},"5":{"loc":{"start":{"line":55,"column":11},"end":{"line":55,"column":27}},"type":"binary-expr","locations":[{"start":{"line":55,"column":11},"end":{"line":55,"column":21}},{"start":{"line":55,"column":25},"end":{"line":55,"column":27}}],"line":55},"6":{"loc":{"start":{"line":78,"column":4},"end":{"line":79,"column":43}},"type":"if","locations":[{"start":{"line":78,"column":4},"end":{"line":79,"column":43}},{"start":{"line":78,"column":4},"end":{"line":79,"column":43}}],"line":78}},"s":{"0":1,"1":0,"2":0,"3":0,"4":0,"5":0,"6":0,"7":0,"8":0,"9":0,"10":0,"11":0,"12":0,"13":0,"14":0,"15":0,"16":0,"17":0,"18":0,"19":0,"20":0,"21":0,"22":0,"23":0,"24":0,"25":0,"26":0,"27":0,"28":0,"29":0,"30":0,"31":0,"32":0,"33":1},"f":{"0":0,"1":0,"2":0,"3":0,"4":0,"5":0,"6":0,"7":0,"8":0,"9":0,"10":0,"11":0,"12":0,"13":0,"14":0,"15":0,"16":0},"b":{"0":[0,0],"1":[0,0],"2":[0,0],"3":[0,0],"4":[0,0],"5":[0,0],"6":[0,0]},"_coverageSchema":"332fd63041d2c1bcb487cc26dd0d5f7d97098a6c","hash":"f689f3b2e326f0be073145d07ce2e53d3793d585"}
,"/home/dosseh/WEB-react-router-lab/src/SensorHistoric.js": {"path":"/home/dosseh/WEB-react-router-lab/src/SensorHistoric.js","statementMap":{"0":{"start":{"line":7,"column":4},"end":{"line":20,"column":5}},"1":{"start":{"line":9,"column":33},"end":{"line":9,"column":69}},"2":{"start":{"line":10,"column":6},"end":{"line":10,"column":40}},"3":{"start":{"line":11,"column":7},"end":{"line":19,"column":9}},"4":{"start":{"line":12,"column":7},"end":{"line":12,"column":71}},"5":{"start":{"line":12,"column":28},"end":{"line":12,"column":71}},"6":{"start":{"line":13,"column":8},"end":{"line":18,"column":10}},"7":{"start":{"line":21,"column":4},"end":{"line":21,"column":39}}},"fnMap":{"0":{"name":"(anonymous_0)","decl":{"start":{"line":5,"column":2},"end":{"line":5,"column":3}},"loc":{"start":{"line":5,"column":11},"end":{"line":22,"column":3}},"line":5},"1":{"name":"(anonymous_1)","decl":{"start":{"line":11,"column":96},"end":{"line":11,"column":97}},"loc":{"start":{"line":11,"column":115},"end":{"line":19,"column":7}},"line":11}},"branchMap":{"0":{"loc":{"start":{"line":7,"column":4},"end":{"line":20,"column":5}},"type":"if","locations":[{"start":{"line":7,"column":4},"end":{"line":20,"column":5}},{"start":{"line":7,"column":4},"end":{"line":20,"column":5}}],"line":7},"1":{"loc":{"start":{"line":12,"column":7},"end":{"line":12,"column":71}},"type":"if","locations":[{"start":{"line":12,"column":7},"end":{"line":12,"column":71}},{"start":{"line":12,"column":7},"end":{"line":12,"column":71}}],"line":12}},"s":{"0":0,"1":0,"2":0,"3":0,"4":0,"5":0,"6":0,"7":0},"f":{"0":0,"1":0},"b":{"0":[0,0],"1":[0,0]},"_coverageSchema":"332fd63041d2c1bcb487cc26dd0d5f7d97098a6c","hash":"6699112197749c307eeee1e000519754ce705148"}
,"/home/dosseh/WEB-react-router-lab/src/SensorInformation.js": {"path":"/home/dosseh/WEB-react-router-lab/src/SensorInformation.js","statementMap":{"0":{"start":{"line":9,"column":4},"end":{"line":28,"column":5}},"1":{"start":{"line":10,"column":33},"end":{"line":10,"column":61}},"2":{"start":{"line":12,"column":6},"end":{"line":12,"column":48}},"3":{"start":{"line":13,"column":6},"end":{"line":13,"column":39}},"4":{"start":{"line":15,"column":6},"end":{"line":17,"column":52}},"5":{"start":{"line":19,"column":6},"end":{"line":19,"column":39}},"6":{"start":{"line":21,"column":6},"end":{"line":21,"column":51}},"7":{"start":{"line":23,"column":6},"end":{"line":25,"column":49}},"8":{"start":{"line":27,"column":6},"end":{"line":27,"column":49}},"9":{"start":{"line":30,"column":4},"end":{"line":55,"column":6}}},"fnMap":{"0":{"name":"(anonymous_0)","decl":{"start":{"line":6,"column":2},"end":{"line":6,"column":3}},"loc":{"start":{"line":6,"column":11},"end":{"line":56,"column":3}},"line":6}},"branchMap":{"0":{"loc":{"start":{"line":9,"column":4},"end":{"line":28,"column":5}},"type":"if","locations":[{"start":{"line":9,"column":4},"end":{"line":28,"column":5}},{"start":{"line":9,"column":4},"end":{"line":28,"column":5}}],"line":9},"1":{"loc":{"start":{"line":15,"column":14},"end":{"line":17,"column":51}},"type":"cond-expr","locations":[{"start":{"line":16,"column":10},"end":{"line":16,"column":74}},{"start":{"line":17,"column":10},"end":{"line":17,"column":51}}],"line":15},"2":{"loc":{"start":{"line":23,"column":21},"end":{"line":25,"column":48}},"type":"cond-expr","locations":[{"start":{"line":24,"column":10},"end":{"line":24,"column":71}},{"start":{"line":25,"column":10},"end":{"line":25,"column":48}}],"line":23}},"s":{"0":0,"1":0,"2":0,"3":0,"4":0,"5":0,"6":0,"7":0,"8":0,"9":0},"f":{"0":0},"b":{"0":[0,0],"1":[0,0],"2":[0,0]},"_coverageSchema":"332fd63041d2c1bcb487cc26dd0d5f7d97098a6c","hash":"72a7f24acb66261f5e091a02cf850bb2cdaf9bf9"}
,"/home/dosseh/WEB-react-router-lab/src/SensorList.js": {"path":"/home/dosseh/WEB-react-router-lab/src/SensorList.js","statementMap":{"0":{"start":{"line":10,"column":27},"end":{"line":19,"column":10}},"1":{"start":{"line":11,"column":12},"end":{"line":18,"column":16}},"2":{"start":{"line":20,"column":8},"end":{"line":22,"column":10}}},"fnMap":{"0":{"name":"(anonymous_0)","decl":{"start":{"line":8,"column":4},"end":{"line":8,"column":5}},"loc":{"start":{"line":8,"column":13},"end":{"line":23,"column":5}},"line":8},"1":{"name":"(anonymous_1)","decl":{"start":{"line":10,"column":53},"end":{"line":10,"column":54}},"loc":{"start":{"line":10,"column":73},"end":{"line":19,"column":9}},"line":10}},"branchMap":{},"s":{"0":1,"1":0,"2":1},"f":{"0":1,"1":0},"b":{},"_coverageSchema":"332fd63041d2c1bcb487cc26dd0d5f7d97098a6c","hash":"40e812d5de679e2731fe64ba06c0068ef4d22603"}
,"/home/dosseh/WEB-react-router-lab/src/index.js": {"path":"/home/dosseh/WEB-react-router-lab/src/index.js","statementMap":{"0":{"start":{"line":1,"column":0},"end":{"line":null,"column":-1}},"1":{"start":{"line":2,"column":0},"end":{"line":null,"column":-1}},"2":{"start":{"line":3,"column":0},"end":{"line":null,"column":-1}},"3":{"start":{"line":4,"column":0},"end":{"line":null,"column":-1}},"4":{"start":{"line":5,"column":0},"end":{"line":null,"column":-1}},"5":{"start":{"line":6,"column":0},"end":{"line":null,"column":-1}},"6":{"start":{"line":13,"column":0},"end":{"line":null,"column":-1}}},"fnMap":{},"branchMap":{},"s":{"0":0,"1":0,"2":0,"3":0,"4":0,"5":0,"6":0},"f":{},"b":{}}
,"/home/dosseh/WEB-react-router-lab/src/serviceWorker.js": {"path":"/home/dosseh/WEB-react-router-lab/src/serviceWorker.js","statementMap":{"0":{"start":{"line":13,"column":20},"end":{"line":13,"column":0}},"1":{"start":{"line":24,"column":2},"end":{"line":54,"column":3}},"2":{"start":{"line":26,"column":22},"end":{"line":26,"column":4}},"3":{"start":{"line":27,"column":4},"end":{"line":32,"column":5}},"4":{"start":{"line":31,"column":6},"end":{"line":null,"column":-1}},"5":{"start":{"line":34,"column":4},"end":{"line":null,"column":-1}},"6":{"start":{"line":35,"column":21},"end":{"line":35,"column":6}},"7":{"start":{"line":37,"column":6},"end":{"line":52,"column":7}},"8":{"start":{"line":39,"column":8},"end":{"line":37,"column":23}},"9":{"start":{"line":43,"column":8},"end":{"line":null,"column":-1}},"10":{"start":{"line":44,"column":10},"end":{"line":null,"column":-1}},"11":{"start":{"line":51,"column":8},"end":{"line":null,"column":-1}},"12":{"start":{"line":58,"column":2},"end":{"line":null,"column":-1}},"13":{"start":{"line":61,"column":6},"end":{"line":null,"column":-1}},"14":{"start":{"line":62,"column":33},"end":{"line":62,"column":8}},"15":{"start":{"line":63,"column":8},"end":{"line":null,"column":-1}},"16":{"start":{"line":64,"column":10},"end":{"line":89,"column":11}},"17":{"start":{"line":65,"column":12},"end":{"line":88,"column":13}},"18":{"start":{"line":69,"column":14},"end":{"line":65,"column":52}},"19":{"start":{"line":75,"column":14},"end":{"line":77,"column":15}},"20":{"start":{"line":76,"column":16},"end":{"line":null,"column":-1}},"21":{"start":{"line":82,"column":14},"end":{"line":78,"column":19}},"22":{"start":{"line":85,"column":14},"end":{"line":87,"column":15}},"23":{"start":{"line":86,"column":16},"end":{"line":null,"column":-1}},"24":{"start":{"line":94,"column":6},"end":{"line":null,"column":-1}},"25":{"start":{"line":100,"column":2},"end":{"line":null,"column":-1}},"26":{"start":{"line":103,"column":6},"end":{"line":116,"column":7}},"27":{"start":{"line":108,"column":8},"end":{"line":null,"column":-1}},"28":{"start":{"line":109,"column":10},"end":{"line":null,"column":-1}},"29":{"start":{"line":110,"column":12},"end":{"line":null,"column":-1}},"30":{"start":{"line":115,"column":8},"end":{"line":null,"column":-1}},"31":{"start":{"line":119,"column":6},"end":{"line":null,"column":-1}},"32":{"start":{"line":126,"column":2},"end":{"line":130,"column":3}},"33":{"start":{"line":127,"column":4},"end":{"line":null,"column":-1}},"34":{"start":{"line":128,"column":6},"end":{"line":null,"column":-1}}},"fnMap":{"0":{"name":"register","decl":{"start":{"line":23,"column":16},"end":{"line":23,"column":7}},"loc":{"start":{"line":23,"column":33},"end":{"line":55,"column":1}}},"1":{"name":"(anonymous_1)","decl":{"start":{"line":34,"column":36},"end":{"line":34,"column":41}},"loc":{"start":{"line":34,"column":42},"end":{"line":34,"column":4}}},"2":{"name":"(anonymous_2)","decl":{"start":{"line":43,"column":43},"end":{"line":43,"column":48}},"loc":{"start":{"line":43,"column":49},"end":{"line":43,"column":8}}},"3":{"name":"registerValidSW","decl":{"start":{"line":57,"column":9},"end":{"line":57,"column":0}},"loc":{"start":{"line":57,"column":40},"end":{"line":96,"column":1}}},"4":{"name":"(anonymous_4)","decl":{"start":{"line":60,"column":10},"end":{"line":60,"column":21}},"loc":{"start":{"line":60,"column":26},"end":{"line":58,"column":2}}},"5":{"name":"(anonymous_5)","decl":{"start":{"line":61,"column":35},"end":{"line":61,"column":40}},"loc":{"start":{"line":61,"column":41},"end":{"line":61,"column":6}}},"6":{"name":"(anonymous_6)","decl":{"start":{"line":63,"column":41},"end":{"line":63,"column":46}},"loc":{"start":{"line":63,"column":47},"end":{"line":63,"column":8}}},"7":{"name":"(anonymous_7)","decl":{"start":{"line":93,"column":11},"end":{"line":93,"column":15}},"loc":{"start":{"line":93,"column":20},"end":{"line":58,"column":2}}},"8":{"name":"checkValidServiceWorker","decl":{"start":{"line":98,"column":9},"end":{"line":98,"column":0}},"loc":{"start":{"line":98,"column":48},"end":{"line":123,"column":1}}},"9":{"name":"(anonymous_9)","decl":{"start":{"line":101,"column":10},"end":{"line":101,"column":17}},"loc":{"start":{"line":101,"column":22},"end":{"line":100,"column":2}}},"10":{"name":"(anonymous_10)","decl":{"start":{"line":108,"column":43},"end":{"line":108,"column":54}},"loc":{"start":{"line":108,"column":59},"end":{"line":108,"column":8}}},"11":{"name":"(anonymous_11)","decl":{"start":{"line":109,"column":41},"end":{"line":109,"column":46}},"loc":{"start":{"line":109,"column":47},"end":{"line":109,"column":10}}},"12":{"name":"(anonymous_12)","decl":{"start":{"line":118,"column":11},"end":{"line":118,"column":16}},"loc":{"start":{"line":118,"column":17},"end":{"line":100,"column":2}}},"13":{"name":"unregister","decl":{"start":{"line":125,"column":16},"end":{"line":125,"column":7}},"loc":{"start":{"line":125,"column":29},"end":{"line":131,"column":1}}},"14":{"name":"(anonymous_14)","decl":{"start":{"line":127,"column":39},"end":{"line":127,"column":50}},"loc":{"start":{"line":127,"column":55},"end":{"line":127,"column":4}}}},"branchMap":{"0":{"loc":{"start":{"line":14,"column":2},"end":{"line":14,"column":1}},"type":"binary-expr","locations":[{"start":{"line":14,"column":2},"end":{"line":14,"column":1}},{"start":{"line":16,"column":4},"end":{"line":14,"column":2}},{"start":{"line":18,"column":4},"end":{"line":13,"column":27}}]},"1":{"loc":{"start":{"line":24,"column":2},"end":{"line":54,"column":3}},"type":"if","locations":[{"start":{"line":24,"column":2},"end":{"line":54,"column":3}},{"start":{"line":24,"column":2},"end":{"line":54,"column":3}}]},"2":{"loc":{"start":{"line":24,"column":6},"end":{"line":24,"column":5}},"type":"binary-expr","locations":[{"start":{"line":24,"column":6},"end":{"line":24,"column":5}},{"start":{"line":24,"column":47},"end":{"line":24,"column":2}}]},"3":{"loc":{"start":{"line":27,"column":4},"end":{"line":32,"column":5}},"type":"if","locations":[{"start":{"line":27,"column":4},"end":{"line":32,"column":5}},{"start":{"line":27,"column":4},"end":{"line":32,"column":5}}]},"4":{"loc":{"start":{"line":37,"column":6},"end":{"line":52,"column":7}},"type":"if","locations":[{"start":{"line":37,"column":6},"end":{"line":52,"column":7}},{"start":{"line":37,"column":6},"end":{"line":52,"column":7}}]},"5":{"loc":{"start":{"line":64,"column":10},"end":{"line":89,"column":11}},"type":"if","locations":[{"start":{"line":64,"column":10},"end":{"line":89,"column":11}},{"start":{"line":64,"column":10},"end":{"line":89,"column":11}}]},"6":{"loc":{"start":{"line":65,"column":12},"end":{"line":88,"column":13}},"type":"if","locations":[{"start":{"line":65,"column":12},"end":{"line":88,"column":13}},{"start":{"line":65,"column":12},"end":{"line":88,"column":13}}]},"7":{"loc":{"start":{"line":75,"column":14},"end":{"line":77,"column":15}},"type":"if","locations":[{"start":{"line":75,"column":14},"end":{"line":77,"column":15}},{"start":{"line":75,"column":14},"end":{"line":77,"column":15}}]},"8":{"loc":{"start":{"line":75,"column":18},"end":{"line":75,"column":24}},"type":"binary-expr","locations":[{"start":{"line":75,"column":18},"end":{"line":75,"column":24}},{"start":{"line":75,"column":28},"end":{"line":75,"column":14}}]},"9":{"loc":{"start":{"line":85,"column":14},"end":{"line":87,"column":15}},"type":"if","locations":[{"start":{"line":85,"column":14},"end":{"line":87,"column":15}},{"start":{"line":85,"column":14},"end":{"line":87,"column":15}}]},"10":{"loc":{"start":{"line":85,"column":18},"end":{"line":85,"column":24}},"type":"binary-expr","locations":[{"start":{"line":85,"column":18},"end":{"line":85,"column":24}},{"start":{"line":85,"column":28},"end":{"line":85,"column":14}}]},"11":{"loc":{"start":{"line":103,"column":6},"end":{"line":116,"column":7}},"type":"if","locations":[{"start":{"line":103,"column":6},"end":{"line":116,"column":7}},{"start":{"line":103,"column":6},"end":{"line":116,"column":7}}]},"12":{"loc":{"start":{"line":104,"column":8},"end":{"line":104,"column":7}},"type":"binary-expr","locations":[{"start":{"line":104,"column":8},"end":{"line":104,"column":7}},{"start":{"line":105,"column":8},"end":{"line":103,"column":6}}]},"13":{"loc":{"start":{"line":126,"column":2},"end":{"line":130,"column":3}},"type":"if","locations":[{"start":{"line":126,"column":2},"end":{"line":130,"column":3}},{"start":{"line":126,"column":2},"end":{"line":130,"column":3}}]}},"s":{"0":0,"1":0,"2":0,"3":0,"4":0,"5":0,"6":0,"7":0,"8":0,"9":0,"10":0,"11":0,"12":0,"13":0,"14":0,"15":0,"16":0,"17":0,"18":0,"19":0,"20":0,"21":0,"22":0,"23":0,"24":0,"25":0,"26":0,"27":0,"28":0,"29":0,"30":0,"31":0,"32":0,"33":0,"34":0},"f":{"0":0,"1":0,"2":0,"3":0,"4":0,"5":0,"6":0,"7":0,"8":0,"9":0,"10":0,"11":0,"12":0,"13":0,"14":0},"b":{"0":[0,0,0],"1":[0,0],"2":[0,0],"3":[0,0],"4":[0,0],"5":[0,0],"6":[0,0],"7":[0,0],"8":[0,0],"9":[0,0],"10":[0,0],"11":[0,0],"12":[0,0],"13":[0,0]}}
,"/home/dosseh/WEB-react-router-lab/src/setupProxy.js": {"path":"/home/dosseh/WEB-react-router-lab/src/setupProxy.js","statementMap":{"0":{"start":{"line":1,"column":14},"end":{"line":1,"column":0}},"1":{"start":{"line":3,"column":0},"end":{"line":null,"column":-1}},"2":{"start":{"line":4,"column":16},"end":{"line":4,"column":2}},"3":{"start":{"line":10,"column":2},"end":{"line":null,"column":-1}}},"fnMap":{"0":{"name":"(anonymous_0)","decl":{"start":{"line":3,"column":17},"end":{"line":3,"column":25}},"loc":{"start":{"line":3,"column":31},"end":{"line":3,"column":0}}}},"branchMap":{},"s":{"0":0,"1":0,"2":0,"3":0},"f":{"0":0},"b":{}}
}
