TN:
SF:/home/dosseh/WEB-react-router-lab/src/App.js
FN:14,(anonymous_0)
FN:15,(anonymous_1)
FN:22,checkSensor
FN:31,curentSensor
FN:41,(anonymous_4)
FN:50,(anonymous_5)
FN:60,(anonymous_6)
FN:63,(anonymous_7)
FN:87,(anonymous_8)
FN:111,(anonymous_9)
FN:128,(anonymous_10)
FNF:11
FNH:3
FNDA:0,(anonymous_0)
FNDA:0,(anonymous_1)
FNDA:0,checkSensor
FNDA:0,curentSensor
FNDA:1,(anonymous_4)
FNDA:0,(anonymous_5)
FNDA:1,(anonymous_6)
FNDA:0,(anonymous_7)
FNDA:1,(anonymous_8)
FNDA:0,(anonymous_9)
FNDA:0,(anonymous_10)
DA:9,1
DA:11,1
DA:12,1
DA:14,1
DA:15,0
DA:18,1
DA:23,0
DA:24,0
DA:25,0
DA:33,0
DA:34,0
DA:35,0
DA:42,1
DA:43,1
DA:45,1
DA:51,0
DA:52,0
DA:53,0
DA:61,1
DA:63,1
DA:64,0
DA:66,0
DA:67,0
DA:68,0
DA:70,0
DA:72,0
DA:73,0
DA:74,0
DA:77,0
DA:78,0
DA:82,0
DA:89,1
DA:112,0
DA:129,0
LF:34
LH:11
BRDA:24,0,0,0
BRDA:24,0,1,0
BRDA:34,1,0,0
BRDA:34,1,1,0
BRDA:52,2,0,0
BRDA:52,2,1,0
BRDA:72,3,0,0
BRDA:72,3,1,0
BRF:8
BRH:0
end_of_record
TN:
SF:/home/dosseh/WEB-react-router-lab/src/Model.js
FN:1,(anonymous_0)
FN:4,(anonymous_1)
FN:8,(anonymous_2)
FN:12,(anonymous_3)
FN:16,(anonymous_4)
FN:28,(anonymous_5)
FN:32,(anonymous_6)
FN:38,(anonymous_7)
FN:45,(anonymous_8)
FN:48,(anonymous_9)
FN:51,(anonymous_10)
FN:54,(anonymous_11)
FN:58,(anonymous_12)
FN:62,(anonymous_13)
FN:65,(anonymous_14)
FN:68,(anonymous_15)
FN:72,(anonymous_16)
FNF:17
FNH:0
FNDA:0,(anonymous_0)
FNDA:0,(anonymous_1)
FNDA:0,(anonymous_2)
FNDA:0,(anonymous_3)
FNDA:0,(anonymous_4)
FNDA:0,(anonymous_5)
FNDA:0,(anonymous_6)
FNDA:0,(anonymous_7)
FNDA:0,(anonymous_8)
FNDA:0,(anonymous_9)
FNDA:0,(anonymous_10)
FNDA:0,(anonymous_11)
FNDA:0,(anonymous_12)
FNDA:0,(anonymous_13)
FNDA:0,(anonymous_14)
FNDA:0,(anonymous_15)
FNDA:0,(anonymous_16)
DA:1,1
DA:5,0
DA:9,0
DA:13,0
DA:17,0
DA:18,0
DA:19,0
DA:22,0
DA:23,0
DA:24,0
DA:26,0
DA:29,0
DA:33,0
DA:39,0
DA:40,0
DA:41,0
DA:42,0
DA:46,0
DA:49,0
DA:52,0
DA:55,0
DA:59,0
DA:63,0
DA:66,0
DA:69,0
DA:73,0
DA:74,0
DA:75,0
DA:77,0
DA:78,0
DA:79,0
DA:80,0
DA:84,1
LF:33
LH:2
BRDA:9,0,0,0
BRDA:9,0,1,0
BRDA:18,1,0,0
BRDA:18,1,1,0
BRDA:46,2,0,0
BRDA:46,2,1,0
BRDA:49,3,0,0
BRDA:49,3,1,0
BRDA:52,4,0,0
BRDA:52,4,1,0
BRDA:55,5,0,0
BRDA:55,5,1,0
BRDA:78,6,0,0
BRDA:78,6,1,0
BRF:14
BRH:0
end_of_record
TN:
SF:/home/dosseh/WEB-react-router-lab/src/SensorHistoric.js
FN:5,(anonymous_0)
FN:11,(anonymous_1)
FNF:2
FNH:0
FNDA:0,(anonymous_0)
FNDA:0,(anonymous_1)
DA:7,0
DA:9,0
DA:10,0
DA:11,0
DA:12,0
DA:13,0
DA:21,0
LF:7
LH:0
BRDA:7,0,0,0
BRDA:7,0,1,0
BRDA:12,1,0,0
BRDA:12,1,1,0
BRF:4
BRH:0
end_of_record
TN:
SF:/home/dosseh/WEB-react-router-lab/src/SensorInformation.js
FN:6,(anonymous_0)
FNF:1
FNH:0
FNDA:0,(anonymous_0)
DA:9,0
DA:10,0
DA:12,0
DA:13,0
DA:15,0
DA:19,0
DA:21,0
DA:23,0
DA:27,0
DA:30,0
LF:10
LH:0
BRDA:9,0,0,0
BRDA:9,0,1,0
BRDA:15,1,0,0
BRDA:15,1,1,0
BRDA:23,2,0,0
BRDA:23,2,1,0
BRF:6
BRH:0
end_of_record
TN:
SF:/home/dosseh/WEB-react-router-lab/src/SensorList.js
FN:8,(anonymous_0)
FN:10,(anonymous_1)
FNF:2
FNH:1
FNDA:1,(anonymous_0)
FNDA:0,(anonymous_1)
DA:10,1
DA:11,0
DA:20,1
LF:3
LH:2
BRF:0
BRH:0
end_of_record
TN:
SF:/home/dosseh/WEB-react-router-lab/src/index.js
FNF:0
FNH:0
DA:1,0
DA:2,0
DA:3,0
DA:4,0
DA:5,0
DA:6,0
DA:13,0
LF:7
LH:0
BRF:0
BRH:0
end_of_record
TN:
SF:/home/dosseh/WEB-react-router-lab/src/serviceWorker.js
FN:23,register
FN:34,(anonymous_1)
FN:43,(anonymous_2)
FN:57,registerValidSW
FN:60,(anonymous_4)
FN:61,(anonymous_5)
FN:63,(anonymous_6)
FN:93,(anonymous_7)
FN:98,checkValidServiceWorker
FN:101,(anonymous_9)
FN:108,(anonymous_10)
FN:109,(anonymous_11)
FN:118,(anonymous_12)
FN:125,unregister
FN:127,(anonymous_14)
FNF:15
FNH:0
FNDA:0,register
FNDA:0,(anonymous_1)
FNDA:0,(anonymous_2)
FNDA:0,registerValidSW
FNDA:0,(anonymous_4)
FNDA:0,(anonymous_5)
FNDA:0,(anonymous_6)
FNDA:0,(anonymous_7)
FNDA:0,checkValidServiceWorker
FNDA:0,(anonymous_9)
FNDA:0,(anonymous_10)
FNDA:0,(anonymous_11)
FNDA:0,(anonymous_12)
FNDA:0,unregister
FNDA:0,(anonymous_14)
DA:13,0
DA:24,0
DA:26,0
DA:27,0
DA:31,0
DA:34,0
DA:35,0
DA:37,0
DA:39,0
DA:43,0
DA:44,0
DA:51,0
DA:58,0
DA:61,0
DA:62,0
DA:63,0
DA:64,0
DA:65,0
DA:69,0
DA:75,0
DA:76,0
DA:82,0
DA:85,0
DA:86,0
DA:94,0
DA:100,0
DA:103,0
DA:108,0
DA:109,0
DA:110,0
DA:115,0
DA:119,0
DA:126,0
DA:127,0
DA:128,0
LF:35
LH:0
BRDA:14,0,0,0
BRDA:14,0,1,0
BRDA:14,0,2,0
BRDA:24,1,0,0
BRDA:24,1,1,0
BRDA:24,2,0,0
BRDA:24,2,1,0
BRDA:27,3,0,0
BRDA:27,3,1,0
BRDA:37,4,0,0
BRDA:37,4,1,0
BRDA:64,5,0,0
BRDA:64,5,1,0
BRDA:65,6,0,0
BRDA:65,6,1,0
BRDA:75,7,0,0
BRDA:75,7,1,0
BRDA:75,8,0,0
BRDA:75,8,1,0
BRDA:85,9,0,0
BRDA:85,9,1,0
BRDA:85,10,0,0
BRDA:85,10,1,0
BRDA:103,11,0,0
BRDA:103,11,1,0
BRDA:104,12,0,0
BRDA:104,12,1,0
BRDA:126,13,0,0
BRDA:126,13,1,0
BRF:29
BRH:0
end_of_record
TN:
SF:/home/dosseh/WEB-react-router-lab/src/setupProxy.js
FN:3,(anonymous_0)
FNF:1
FNH:0
FNDA:0,(anonymous_0)
DA:1,0
DA:3,0
DA:4,0
DA:10,0
LF:4
LH:0
BRF:0
BRH:0
end_of_record
